109.09.06 10:56 B c:\rimfrostdata\data\golfstrommen\andoya.txt <-- ORSC /klima/data/golfstrommen andoya.txt
109.09.06 10:56 B c:\rimfrostdata\data\golfstrommen\bjornoya.txt <-- ORSC /klima/data/golfstrommen bjornoya.txt
109.09.06 10:56 B c:\rimfrostdata\data\golfstrommen\bodo6.txt <-- ORSC /klima/data/golfstrommen bodo6.txt
109.09.06 10:56 B c:\rimfrostdata\data\golfstrommen\draugen.txt <-- ORSC /klima/data/golfstrommen draugen.txt
109.09.06 10:57 B c:\rimfrostdata\data\golfstrommen\ekkofisk.txt <-- ORSC /klima/data/golfstrommen ekkofisk.txt
109.09.06 10:57 B c:\rimfrostdata\data\golfstrommen\fruholmen_fyr.txt <-- ORSC /klima/data/golfstrommen fruholmen_fyr.txt
109.09.06 10:57 B c:\rimfrostdata\data\golfstrommen\glomfjord.txt <-- ORSC /klima/data/golfstrommen glomfjord.txt
109.09.06 10:57 B c:\rimfrostdata\data\golfstrommen\gullfaks_c.txt <-- ORSC /klima/data/golfstrommen gullfaks_c.txt
109.09.06 10:57 B c:\rimfrostdata\data\golfstrommen\heidrun.txt <-- ORSC /klima/data/golfstrommen heidrun.txt
109.09.06 10:57 B c:\rimfrostdata\data\golfstrommen\kraakenes.txt <-- ORSC /klima/data/golfstrommen kraakenes.txt
109.09.06 10:57 B c:\rimfrostdata\data\golfstrommen\lerwick.txt <-- ORSC /klima/data/golfstrommen lerwick.txt
109.09.06 10:57 B c:\rimfrostdata\data\golfstrommen\mike.txt <-- ORSC /klima/data/golfstrommen mike.txt
109.09.06 10:57 B c:\rimfrostdata\data\golfstrommen\nordoyan_fyr.txt <-- ORSC /klima/data/golfstrommen nordoyan_fyr.txt
109.09.06 10:57 B c:\rimfrostdata\data\golfstrommen\norne.txt <-- ORSC /klima/data/golfstrommen norne.txt
109.09.06 10:57 B c:\rimfrostdata\data\golfstrommen\ona2.txt <-- ORSC /klima/data/golfstrommen ona2.txt
109.09.06 10:57 B c:\rimfrostdata\data\golfstrommen\orland3.txt <-- ORSC /klima/data/golfstrommen orland3.txt
109.09.06 10:57 B c:\rimfrostdata\data\golfstrommen\skrova_fyr.txt <-- ORSC /klima/data/golfstrommen skrova_fyr.txt
109.09.06 10:57 B c:\rimfrostdata\data\golfstrommen\sleipner_a.txt <-- ORSC /klima/data/golfstrommen sleipner_a.txt
109.09.06 10:57 B c:\rimfrostdata\data\golfstrommen\slettnes_fyr.txt <-- ORSC /klima/data/golfstrommen slettnes_fyr.txt
109.09.06 10:57 B c:\rimfrostdata\data\golfstrommen\stornoway.txt <-- ORSC /klima/data/golfstrommen stornoway.txt
109.09.06 10:57 B c:\rimfrostdata\data\golfstrommen\svinoy_fyr.txt <-- ORSC /klima/data/golfstrommen svinoy_fyr.txt
109.09.06 10:57 B c:\rimfrostdata\data\golfstrommen\torshavn.txt <-- ORSC /klima/data/golfstrommen torshavn.txt
109.09.06 10:57 B c:\rimfrostdata\data\golfstrommen\troll_a.txt <-- ORSC /klima/data/golfstrommen troll_a.txt
109.09.06 10:57 B c:\rimfrostdata\data\golfstrommen\utsira_fyr.txt <-- ORSC /klima/data/golfstrommen utsira_fyr.txt
109.09.06 10:57 B c:\rimfrostdata\data\golfstrommen\valentia.txt <-- ORSC /klima/data/golfstrommen valentia.txt
109.09.06 10:57 B c:\rimfrostdata\data\golfstrommen\vestmannaoyene.txt <-- ORSC /klima/data/golfstrommen vestmannaoyene.txt
109.09.06 10:57 B c:\rimfrostdata\data\golfstrommen\vigra.txt <-- ORSC /klima/data/golfstrommen vigra.txt
