109.09.06 10:57 B c:\rimfrostdata\data\arktis\alert.txt <-- ORSC /klima/data/arktis alert.txt
109.09.06 10:57 B c:\rimfrostdata\data\arktis\angmassalik.txt <-- ORSC /klima/data/arktis angmassalik.txt
109.09.06 10:57 B c:\rimfrostdata\data\arktis\barrow.txt <-- ORSC /klima/data/arktis barrow.txt
109.09.06 10:57 B c:\rimfrostdata\data\arktis\bjornoya.txt <-- ORSC /klima/data/arktis bjornoya.txt
109.09.06 10:57 B c:\rimfrostdata\data\arktis\cambridge_bay.txt <-- ORSC /klima/data/arktis cambridge_bay.txt
109.09.06 10:57 B c:\rimfrostdata\data\arktis\clyde.txt <-- ORSC /klima/data/arktis clyde.txt
109.09.06 10:57 B c:\rimfrostdata\data\arktis\cokurda.txt <-- ORSC /klima/data/arktis cokurda.txt
109.09.06 10:57 B c:\rimfrostdata\data\arktis\danmarks_havn.txt <-- ORSC /klima/data/arktis danmarks_havn.txt
109.09.06 10:57 B c:\rimfrostdata\data\arktis\dawson.txt <-- ORSC /klima/data/arktis dawson.txt
109.09.06 10:57 B c:\rimfrostdata\data\arktis\egedesminde.txt <-- ORSC /klima/data/arktis egedesminde.txt
109.09.06 10:57 B c:\rimfrostdata\data\arktis\eureka.txt <-- ORSC /klima/data/arktis eureka.txt
109.09.06 10:57 B c:\rimfrostdata\data\arktis\fairbanks.txt <-- ORSC /klima/data/arktis fairbanks.txt
109.09.06 10:57 B c:\rimfrostdata\data\arktis\gmo.txt <-- ORSC /klima/data/arktis gmo.txt
109.09.06 10:57 B c:\rimfrostdata\data\arktis\hopen.txt <-- ORSC /klima/data/arktis hopen.txt
109.09.06 10:57 B c:\rimfrostdata\data\arktis\illulisat.txt <-- ORSC /klima/data/arktis illulisat.txt
109.09.06 10:57 B c:\rimfrostdata\data\arktis\ittoqqortoormiit.txt <-- ORSC /klima/data/arktis ittoqqortoormiit.txt
109.09.06 10:57 B c:\rimfrostdata\data\arktis\janmayen.txt <-- ORSC /klima/data/arktis janmayen.txt
109.09.06 10:57 B c:\rimfrostdata\data\arktis\khatanga.txt <-- ORSC /klima/data/arktis khatanga.txt
109.09.06 10:57 B c:\rimfrostdata\data\arktis\kotzebue.txt <-- ORSC /klima/data/arktis kotzebue.txt
109.09.06 10:57 B c:\rimfrostdata\data\arktis\mcgrath.txt <-- ORSC /klima/data/arktis mcgrath.txt
109.09.06 10:57 B c:\rimfrostdata\data\arktis\mys_smidta.txt <-- ORSC /klima/data/arktis mys_smidta.txt
109.09.06 10:57 B c:\rimfrostdata\data\arktis\mys_ulen.txt <-- ORSC /klima/data/arktis mys_ulen.txt
109.09.06 10:57 B c:\rimfrostdata\data\arktis\nome.txt <-- ORSC /klima/data/arktis nome.txt
109.09.06 10:57 B c:\rimfrostdata\data\arktis\nook.txt <-- ORSC /klima/data/arktis nook.txt
109.09.06 10:57 B c:\rimfrostdata\data\arktis\nook_nasa.txt <-- ORSC /klima/data/arktis nook_nasa.txt
109.09.06 10:57 B c:\rimfrostdata\data\arktis\nord.txt <-- ORSC /klima/data/arktis nord.txt
109.09.06 10:57 B c:\rimfrostdata\data\arktis\ostrov_dikson.txt <-- ORSC /klima/data/arktis ostrov_dikson.txt
109.09.06 10:58 B c:\rimfrostdata\data\arktis\ostrov_kotel.txt <-- ORSC /klima/data/arktis ostrov_kotel.txt
109.09.06 10:58 B c:\rimfrostdata\data\arktis\ostrov_vize.txt <-- ORSC /klima/data/arktis ostrov_vize.txt
109.09.06 10:58 B c:\rimfrostdata\data\arktis\resolute_bay.txt <-- ORSC /klima/data/arktis resolute_bay.txt
109.09.06 10:58 B c:\rimfrostdata\data\arktis\scoresbysund.txt <-- ORSC /klima/data/arktis scoresbysund.txt
109.09.06 10:58 B c:\rimfrostdata\data\arktis\svalbard_lufthavn.txt <-- ORSC /klima/data/arktis svalbard_lufthavn.txt
109.09.06 10:58 B c:\rimfrostdata\data\arktis\tasiilaq.txt <-- ORSC /klima/data/arktis tasiilaq.txt
109.09.06 10:58 B c:\rimfrostdata\data\arktis\upernavik.txt <-- ORSC /klima/data/arktis upernavik.txt
109.09.06 10:58 B c:\rimfrostdata\data\arktis\vrangelja.txt <-- ORSC /klima/data/arktis vrangelja.txt
